<?xml version="1.0" encoding="UTF-8"?>
<!-- Generated by org.testng.reporters.JUnitXMLReporter -->
<testsuite hostname="mohit-PC" ignored="0" name="RegressionTest" tests="2" failures="1" timestamp="02 Feb 2020 02:59:50 GMT" time="74.127" errors="0">
  <testcase name="orgatakeSrcImageCES" time="49.469" classname="Maven.DesignPatternTest">
    <failure type="java.lang.AssertionError" message="The following asserts failed:
	Launched Url is not same expected [https://peoplehub.mindtree.com/Pages/OrgCanvas.aspx] but found [https://peoplehub.mindtree.com/Pages/OrgCanvas.aspxghshgs]">
      <![CDATA[java.lang.AssertionError: The following asserts failed:
Launched Url is not same expected [https://peoplehub.mindtree.com/Pages/OrgCanvas.aspx] but found [https://peoplehub.mindtree.com/Pages/OrgCanvas.aspxghshgs]
at Maven.DesignPatternTest.orgatakeSrcImageCES(DesignPatternTest.java:108)
... Removed 30 stack frames]]>
    </failure>
  </testcase> <!-- orgatakeSrcImageCES -->
  <testcase name="orgbImmersiveAurora" time="20.051" classname="Maven.DesignPatternTest"/>
</testsuite> <!-- RegressionTest -->
