<?xml version="1.0" encoding="UTF-8"?>
<testsuite xmlns:xsi="http://www.w3.org/2001/XMLSchema-instance" xsi:noNamespaceSchemaLocation="https://maven.apache.org/surefire/maven-surefire-plugin/xsd/surefire-test-report-3.0.xsd" version="3.0" name="TestSuite" time="202.569" tests="2" errors="0" skipped="0" failures="1">
  <properties>
[...]
</properties>
  <testcase name="orgatakeSrcImageCES" classname="Maven.DesignPatternTest" time="101.902">
    <failure message="The following asserts failed:&#10;	Launched Url is not same expected [https://peoplehub.mindtree.com/Pages/OrgCanvas.aspx] but found [https://peoplehub.mindtree.com/Pages/OrgCanvas.aspxghshgs]" type="java.lang.AssertionError"><![CDATA[java.lang.AssertionError: 
The following asserts failed:
	Launched Url is not same expected [https://peoplehub.mindtree.com/Pages/OrgCanvas.aspx] but found [https://peoplehub.mindtree.com/Pages/OrgCanvas.aspxghshgs]
	at Maven.DesignPatternTest.orgatakeSrcImageCES(DesignPatternTest.java:108)
]]></failure>
    <system-out><![CDATA[Test from test tag of testng.xml ->  Test1   RemoteWebDriver: chrome on XP (9eb92a15-e097-4e76-ba51-7df15ea08446)
]]></system-out>
    <system-err><![CDATA[Jan 26, 2020 4:16:50 PM org.openqa.selenium.remote.DesiredCapabilities chrome
INFO: Using `new ChromeOptions()` is preferred to `DesiredCapabilities.chrome()`
Jan 26, 2020 4:17:26 PM org.openqa.selenium.remote.ProtocolHandshake createSession
INFO: Detected dialect: OSS
]]></system-err>
  </testcase>
  <testcase name="orgbImmersiveAurora" classname="Maven.DesignPatternTest" time="57.374"/>
</testsuite>