<?xml version="1.0" encoding="UTF-8"?>
<testsuite xmlns:xsi="http://www.w3.org/2001/XMLSchema-instance" xsi:noNamespaceSchemaLocation="https://maven.apache.org/surefire/maven-surefire-plugin/xsd/surefire-test-report-3.0.xsd" version="3.0" name="TestSuite" time="396.702" tests="3" errors="0" skipped="0" failures="2">
  <properties>
[...]
</properties>
  <testcase name="orgatakeSrcImageCES" classname="Maven.DesignPatternTest" time="228.181">
    <failure message="The following asserts failed:&#10;	Launched Url is not same expected [https://peoplehub.mindtree.com/Pages/OrgCanvas.aspx] but found [https://peoplehub.mindtree.com/Pages/OrgCanvas.aspxghshgs]" type="java.lang.AssertionError"><![CDATA[java.lang.AssertionError: 
The following asserts failed:
	Launched Url is not same expected [https://peoplehub.mindtree.com/Pages/OrgCanvas.aspx] but found [https://peoplehub.mindtree.com/Pages/OrgCanvas.aspxghshgs]
	at Maven.DesignPatternTest.orgatakeSrcImageCES(DesignPatternTest.java:108)
]]></failure>
    <system-out><![CDATA[Test from test tag of testng.xml ->  Test1   RemoteWebDriver: chrome on XP (29f679b4-e91e-43ff-a3b1-e4a2ae01e920)
]]></system-out>
    <system-err><![CDATA[Jan 26, 2020 8:46:59 PM org.openqa.selenium.remote.DesiredCapabilities chrome
INFO: Using `new ChromeOptions()` is preferred to `DesiredCapabilities.chrome()`
Jan 26, 2020 8:48:39 PM org.openqa.selenium.remote.ProtocolHandshake createSession
INFO: Detected dialect: OSS
]]></system-err>
  </testcase>
  <testcase name="orgbImmersiveAurora" classname="Maven.DesignPatternTest" time="117.724"/>
  <testcase name="closeTheDriverInstance" classname="Maven.DesignPatternTest" time="122.265">
    <failure message="Error communicating with the remote browser. It may have died.&#10;Build info: version: &apos;2.40.0&apos;, revision: &apos;fbe29a9&apos;, time: &apos;2014-02-19 20:54:28&apos;&#10;System info: host: &apos;mohit-PC&apos;, ip: &apos;192.168.0.104&apos;, os.name: &apos;Windows 10&apos;, os.arch: &apos;x86&apos;, os.version: &apos;10.0&apos;, java.version: &apos;1.8.0_241&apos;&#10;Driver info: driver.version: EventFiringWebDriver&#10;Command duration or timeout: 0 milliseconds" type="org.openqa.selenium.WebDriverException"><![CDATA[org.openqa.selenium.WebDriverException: 
Error communicating with the remote browser. It may have died.
Build info: version: '2.40.0', revision: 'fbe29a9', time: '2014-02-19 20:54:28'
System info: host: 'mohit-PC', ip: '192.168.0.104', os.name: 'Windows 10', os.arch: 'x86', os.version: '10.0', java.version: '1.8.0_241'
Driver info: driver.version: EventFiringWebDriver
Command duration or timeout: 0 milliseconds
	at Maven.DesignPatternTest.closeTheDriverInstance(DesignPatternTest.java:188)
Caused by: org.openqa.selenium.remote.UnreachableBrowserException: 
Error communicating with the remote browser. It may have died.
Build info: version: '2.40.0', revision: 'fbe29a9', time: '2014-02-19 20:54:28'
System info: host: 'mohit-PC', ip: '192.168.0.104', os.name: 'Windows 10', os.arch: 'x86', os.version: '10.0', java.version: '1.8.0_241'
Driver info: driver.version: EventFiringWebDriver
Build info: version: '3.141.59', revision: 'e82be7d358', time: '2018-11-14T08:17:03'
System info: host: 'MOHIT-PC', ip: '192.168.0.104', os.name: 'Windows 8.1', os.arch: 'x86', os.version: '6.3', java.version: '1.8.0_05'
Driver info: driver.version: EventFiringWebDriver
]]></failure>
  </testcase>
</testsuite>